<?xml version="1.0" encoding="UTF-8"?>
<!-- Generated by org.testng.reporters.JUnitReportReporter -->
<testsuite hostname="DESKTOP-76L9O5H" name="org.firstprject.day2" tests="1" failures="0" timestamp="16 Sep 2023 05:06:39 GMT" time="0.025" errors="0">
  <testcase name="test1" time="0.025" classname="org.firstprject.day2"/>
</testsuite> <!-- org.firstprject.day2 -->
